Arguments: 
  C:\Program Files\nodejs\node.exe C:\Program Files (x86)\Yarn\bin\yarn.js add cors

PATH: 
  C:\Python27\;C:\Python27\Scripts;C:\Program Files (x86)\Common Files\Oracle\Java\javapath;C:\ProgramData\Oracle\Java\javapath;C:\WINDOWS\system32;C:\WINDOWS;C:\WINDOWS\System32\Wbem;C:\WINDOWS\System32\WindowsPowerShell\v1.0\;C:\WINDOWS\System32\OpenSSH\;C:\Program Files\dotnet\;C:\Program Files\Microsoft SQL Server\130\Tools\Binn\;C:\ProgramData\chocolatey\bin;C:\Program Files\nodejs\;C:\Program Files\MongoDB\Server\4.2\bin;C:\Program Files (x86)\cmder\bin;C:\Users\arthu\AppData\Roaming\npm\node-sass.ps1;C:\Program Files\Git\cmd;C:\Program Files\Microsoft SQL Server\Client SDK\ODBC\170\Tools\Binn\;C:\Program Files (x86)\Yarn\bin\;C:\Program Files\Java\jdk1.8.0_211\bin;C:\Users\arthu\AppData\Local\Programs\Python\Python38-32\Scripts\;C:\Users\arthu\AppData\Local\Programs\Python\Python38-32\;C:\Users\arthu\AppData\Local\Microsoft\WindowsApps;C:\Users\arthu\AppData\Roaming\npm;C:\Users\arthu\AppData\Local\Android\Sdk\emulator;C:\Users\arthu\AppData\Local\Android\Sdk\tools;C:\Users\arthu\AppData\Local\Android\Sdk\tools\bin;C:\Users\arthu\AppData\Local\Android\Sdk\platform-tools;C:\Program Files\Java\jdk1.8.0_251\bin;C:\Users\arthu\AppData\Local\Programs\Microsoft VS Code\bin;C:\Users\arthu\AppData\Local\Yarn\bin;C:\tools\dart-sdk\bin;C:\Users\arthu\AppData\Roaming\Pub\Cache\bin;

Yarn version: 
  1.22.4

Node version: 
  13.12.0

Platform: 
  win32 x64

Trace: 
  Error: EPERM: operation not permitted, unlink 'D:\ARTHUR\NextLevelWeek\server\node_modules\sqlite3\lib\binding\node-v79-win32-x64\node_sqlite3.node'

npm manifest: 
  {
    "name": "server",
    "version": "1.0.0",
    "description": "",
    "main": "index.js",
    "scripts": {
      "dev": "ts-node-dev --no-notify --transpileOnly --ignore-watch node_modules src/server.ts",
      "knex:migrate": "knex --knexfile knexfile.ts migrate:latest",
      "knex:seed": "knex --knexfile knexfile.ts seed:run"
    },
    "keywords": [],
    "author": "",
    "license": "ISC",
    "dependencies": {
      "express": "^4.17.1",
      "knex": "^0.21.1",
      "sqlite3": "^4.2.0"
    },
    "devDependencies": {
      "@types/express": "^4.17.6",
      "ts-node": "^8.10.2",
      "ts-node-dev": "^1.0.0-pre.44",
      "typescript": "^3.9.3"
    }
  }

yarn manifest: 
  No manifest

Lockfile: 
  No lockfile
